MAIN                                                                                                          PAGE 1

                       1    $MOD51
                       2    
0000                   3    ORG 0000h
                       4    
0000                   5    START:
0000 759890            6        MOV SCON, #90h
0003 758780            7        MOV PCON, #80h
                       8    
0006 7840              9        MOV R0, #40h
0008 7F14             10        MOV R7, #20
                      11    
000A                  12    RECV:
000A 3098FD           13        JNB RI, $
                      14    
000D E599             15        MOV A, SBUF
000F F6               16        MOV @R0, A
                      17    
0010 08               18        INC R0
0011 C298             19        CLR RI
                      20    
0013 DFF5             21        DJNZ R7, RECV
                      22    
0015                  23    STOP:
0015 80FE             24        SJMP STOP
                      25    
                      26    END

VERSION 1.2k ASSEMBLY COMPLETE, 0 ERRORS FOUND
MAIN                                                                                                          PAGE 2

PCON . . . . . . . . . . . . . .  D ADDR  0087H  PREDEFINED  
RECV . . . . . . . . . . . . . .  C ADDR  000AH  
RI . . . . . . . . . . . . . . .  B ADDR  0098H  PREDEFINED  
SBUF . . . . . . . . . . . . . .  D ADDR  0099H  PREDEFINED  
SCON . . . . . . . . . . . . . .  D ADDR  0098H  PREDEFINED  
START. . . . . . . . . . . . . .  C ADDR  0000H  NOT USED  
STOP . . . . . . . . . . . . . .  C ADDR  0015H  
